<?xml version="1.0" encoding="UTF-8"?>
<testsuite xmlns:xsi="http://www.w3.org/2001/XMLSchema-instance" xsi:noNamespaceSchemaLocation="https://maven.apache.org/surefire/maven-surefire-plugin/xsd/surefire-test-report-3.0.xsd" version="3.0" name="com.cydeo.runner.TestRunner" time="4.345" tests="8" errors="0" skipped="0" failures="0">
  <properties>
[...]
</properties>
  <testcase name="Add 2 numbers #1" classname="Calculator feature" time="0.224">
    <system-out><![CDATA[
@calculator @non_ui @addition
Scenario: Add 2 numbers                &amp#27;[90m# features/calculator.feature:12&amp#27;[0m
@Given _ calculator_ is_open
  &amp#27;[32mGiven &amp#27;[0m&amp#27;[32mcalculator app is open&amp#27;[0m         &amp#27;[90m# com.cydeo.step_definitions.CalculatorStepDefinition.calculator_app_is_open()&amp#27;[0m
@When I add 5 with 4
  &amp#27;[32mWhen &amp#27;[0m&amp#27;[32mI add &amp#27;[0m&amp#27;[32m&amp#27;[1m5&amp#27;[0m&amp#27;[32m with &amp#27;[0m&amp#27;[32m&amp#27;[1m4&amp#27;[0m                  &amp#27;[90m# com.cydeo.step_definitions.CalculatorStepDefinition.i_add_with(java.lang.Integer,java.lang.Integer)&amp#27;[0m
@Then _I should get result: 9
  &amp#27;[32mThen &amp#27;[0m&amp#27;[32mI should get result &amp#27;[0m&amp#27;[32m&amp#27;[1m9&amp#27;[0m&amp#27;[32m displayed&amp#27;[0m &amp#27;[90m# com.cydeo.step_definitions.CalculatorStepDefinition.i_should_get_result_displayed(int)&amp#27;[0m
]]></system-out>
  </testcase>
  <testcase name="Add 2 numbers #2" classname="Calculator feature" time="0.018">
    <system-out><![CDATA[
@calculator @non_ui @smoke
Scenario: Add 2 numbers                &amp#27;[90m# features/calculator.feature:18&amp#27;[0m
@Given _ calculator_ is_open
  &amp#27;[32mGiven &amp#27;[0m&amp#27;[32mcalculator app is open&amp#27;[0m         &amp#27;[90m# com.cydeo.step_definitions.CalculatorStepDefinition.calculator_app_is_open()&amp#27;[0m
@When I add 2 with 3
  &amp#27;[32mWhen &amp#27;[0m&amp#27;[32mI add &amp#27;[0m&amp#27;[32m&amp#27;[1m2&amp#27;[0m&amp#27;[32m with &amp#27;[0m&amp#27;[32m&amp#27;[1m3&amp#27;[0m                  &amp#27;[90m# com.cydeo.step_definitions.CalculatorStepDefinition.i_add_with(java.lang.Integer,java.lang.Integer)&amp#27;[0m
@Then _I should get result: 5
  &amp#27;[32mThen &amp#27;[0m&amp#27;[32mI should get result &amp#27;[0m&amp#27;[32m&amp#27;[1m5&amp#27;[0m&amp#27;[32m displayed&amp#27;[0m &amp#27;[90m# com.cydeo.step_definitions.CalculatorStepDefinition.i_should_get_result_displayed(int)&amp#27;[0m
]]></system-out>
  </testcase>
  <testcase name="Add 2 numbers multiple example #1" classname="Calculator feature with data" time="0.019">
    <system-out><![CDATA[
@calculator @non_ui @wip
Scenario Outline: Add 2 numbers multiple example &amp#27;[90m# features/calculator_with_data.feature:18&amp#27;[0m
@Given _ calculator_ is_open
  &amp#27;[32mGiven &amp#27;[0m&amp#27;[32mcalculator app is open&amp#27;[0m                   &amp#27;[90m# com.cydeo.step_definitions.CalculatorStepDefinition.calculator_app_is_open()&amp#27;[0m
@When I add 3 with 4
  &amp#27;[32mWhen &amp#27;[0m&amp#27;[32mI add &amp#27;[0m&amp#27;[32m&amp#27;[1m3&amp#27;[0m&amp#27;[32m with &amp#27;[0m&amp#27;[32m&amp#27;[1m4&amp#27;[0m                            &amp#27;[90m# com.cydeo.step_definitions.CalculatorStepDefinition.i_add_with(java.lang.Integer,java.lang.Integer)&amp#27;[0m
@Then _I should get result: 7
  &amp#27;[32mThen &amp#27;[0m&amp#27;[32mI should get result &amp#27;[0m&amp#27;[32m&amp#27;[1m7&amp#27;[0m&amp#27;[32m displayed&amp#27;[0m           &amp#27;[90m# com.cydeo.step_definitions.CalculatorStepDefinition.i_should_get_result_displayed(int)&amp#27;[0m
]]></system-out>
  </testcase>
  <testcase name="Add 2 numbers multiple example #2" classname="Calculator feature with data" time="0.012">
    <system-out><![CDATA[
@calculator @non_ui @wip
Scenario Outline: Add 2 numbers multiple example &amp#27;[90m# features/calculator_with_data.feature:19&amp#27;[0m
@Given _ calculator_ is_open
  &amp#27;[32mGiven &amp#27;[0m&amp#27;[32mcalculator app is open&amp#27;[0m                   &amp#27;[90m# com.cydeo.step_definitions.CalculatorStepDefinition.calculator_app_is_open()&amp#27;[0m
@When I add 4 with 7
  &amp#27;[32mWhen &amp#27;[0m&amp#27;[32mI add &amp#27;[0m&amp#27;[32m&amp#27;[1m4&amp#27;[0m&amp#27;[32m with &amp#27;[0m&amp#27;[32m&amp#27;[1m7&amp#27;[0m                            &amp#27;[90m# com.cydeo.step_definitions.CalculatorStepDefinition.i_add_with(java.lang.Integer,java.lang.Integer)&amp#27;[0m
@Then _I should get result: 11
  &amp#27;[32mThen &amp#27;[0m&amp#27;[32mI should get result &amp#27;[0m&amp#27;[32m&amp#27;[1m11&amp#27;[0m&amp#27;[32m displayed&amp#27;[0m          &amp#27;[90m# com.cydeo.step_definitions.CalculatorStepDefinition.i_should_get_result_displayed(int)&amp#27;[0m
]]></system-out>
  </testcase>
  <testcase name="Add 2 numbers multiple example #3" classname="Calculator feature with data" time="0.01">
    <system-out><![CDATA[
@calculator @non_ui @wip
Scenario Outline: Add 2 numbers multiple example &amp#27;[90m# features/calculator_with_data.feature:20&amp#27;[0m
@Given _ calculator_ is_open
  &amp#27;[32mGiven &amp#27;[0m&amp#27;[32mcalculator app is open&amp#27;[0m                   &amp#27;[90m# com.cydeo.step_definitions.CalculatorStepDefinition.calculator_app_is_open()&amp#27;[0m
@When I add 6 with 11
  &amp#27;[32mWhen &amp#27;[0m&amp#27;[32mI add &amp#27;[0m&amp#27;[32m&amp#27;[1m6&amp#27;[0m&amp#27;[32m with &amp#27;[0m&amp#27;[32m&amp#27;[1m11&amp#27;[0m                           &amp#27;[90m# com.cydeo.step_definitions.CalculatorStepDefinition.i_add_with(java.lang.Integer,java.lang.Integer)&amp#27;[0m
@Then _I should get result: 17
  &amp#27;[32mThen &amp#27;[0m&amp#27;[32mI should get result &amp#27;[0m&amp#27;[32m&amp#27;[1m17&amp#27;[0m&amp#27;[32m displayed&amp#27;[0m          &amp#27;[90m# com.cydeo.step_definitions.CalculatorStepDefinition.i_should_get_result_displayed(int)&amp#27;[0m
]]></system-out>
  </testcase>
  <testcase name="Add 2 numbers multiple example #4" classname="Calculator feature with data" time="0.015">
    <system-out><![CDATA[
@calculator @non_ui @wip
Scenario Outline: Add 2 numbers multiple example &amp#27;[90m# features/calculator_with_data.feature:21&amp#27;[0m
@Given _ calculator_ is_open
  &amp#27;[32mGiven &amp#27;[0m&amp#27;[32mcalculator app is open&amp#27;[0m                   &amp#27;[90m# com.cydeo.step_definitions.CalculatorStepDefinition.calculator_app_is_open()&amp#27;[0m
@When I add 13 with 4
  &amp#27;[32mWhen &amp#27;[0m&amp#27;[32mI add &amp#27;[0m&amp#27;[32m&amp#27;[1m13&amp#27;[0m&amp#27;[32m with &amp#27;[0m&amp#27;[32m&amp#27;[1m4&amp#27;[0m                           &amp#27;[90m# com.cydeo.step_definitions.CalculatorStepDefinition.i_add_with(java.lang.Integer,java.lang.Integer)&amp#27;[0m
@Then _I should get result: 17
  &amp#27;[32mThen &amp#27;[0m&amp#27;[32mI should get result &amp#27;[0m&amp#27;[32m&amp#27;[1m17&amp#27;[0m&amp#27;[32m displayed&amp#27;[0m          &amp#27;[90m# com.cydeo.step_definitions.CalculatorStepDefinition.i_should_get_result_displayed(int)&amp#27;[0m
]]></system-out>
  </testcase>
  <testcase name="Add 2 numbers multiple example #5" classname="Calculator feature with data" time="0.01">
    <system-out><![CDATA[
@calculator @non_ui @wip
Scenario Outline: Add 2 numbers multiple example &amp#27;[90m# features/calculator_with_data.feature:22&amp#27;[0m
@Given _ calculator_ is_open
  &amp#27;[32mGiven &amp#27;[0m&amp#27;[32mcalculator app is open&amp#27;[0m                   &amp#27;[90m# com.cydeo.step_definitions.CalculatorStepDefinition.calculator_app_is_open()&amp#27;[0m
@When I add 41 with 7
  &amp#27;[32mWhen &amp#27;[0m&amp#27;[32mI add &amp#27;[0m&amp#27;[32m&amp#27;[1m41&amp#27;[0m&amp#27;[32m with &amp#27;[0m&amp#27;[32m&amp#27;[1m7&amp#27;[0m                           &amp#27;[90m# com.cydeo.step_definitions.CalculatorStepDefinition.i_add_with(java.lang.Integer,java.lang.Integer)&amp#27;[0m
@Then _I should get result: 48
  &amp#27;[32mThen &amp#27;[0m&amp#27;[32mI should get result &amp#27;[0m&amp#27;[32m&amp#27;[1m48&amp#27;[0m&amp#27;[32m displayed&amp#27;[0m          &amp#27;[90m# com.cydeo.step_definitions.CalculatorStepDefinition.i_should_get_result_displayed(int)&amp#27;[0m
]]></system-out>
  </testcase>
  <testcase name="Add 2 numbers multiple example #6" classname="Calculator feature with data" time="0.011">
    <system-out><![CDATA[
@calculator @non_ui @wip
Scenario Outline: Add 2 numbers multiple example &amp#27;[90m# features/calculator_with_data.feature:23&amp#27;[0m
@Given _ calculator_ is_open
  &amp#27;[32mGiven &amp#27;[0m&amp#27;[32mcalculator app is open&amp#27;[0m                   &amp#27;[90m# com.cydeo.step_definitions.CalculatorStepDefinition.calculator_app_is_open()&amp#27;[0m
@When I add 60 with 11
  &amp#27;[32mWhen &amp#27;[0m&amp#27;[32mI add &amp#27;[0m&amp#27;[32m&amp#27;[1m60&amp#27;[0m&amp#27;[32m with &amp#27;[0m&amp#27;[32m&amp#27;[1m11&amp#27;[0m                          &amp#27;[90m# com.cydeo.step_definitions.CalculatorStepDefinition.i_add_with(java.lang.Integer,java.lang.Integer)&amp#27;[0m
@Then _I should get result: 71
  &amp#27;[32mThen &amp#27;[0m&amp#27;[32mI should get result &amp#27;[0m&amp#27;[32m&amp#27;[1m71&amp#27;[0m&amp#27;[32m displayed&amp#27;[0m          &amp#27;[90m# com.cydeo.step_definitions.CalculatorStepDefinition.i_should_get_result_displayed(int)&amp#27;[0m
]]></system-out>
  </testcase>
</testsuite>